# JRE version: OpenJDK Runtime Environment AdoptOpenJDK-11.0.11+9 (11.0.11+9) (build 11.0.11+9)
# Java VM: OpenJDK 64-Bit Server VM AdoptOpenJDK-11.0.11+9 (11.0.11+9, mixed mode, tiered, compressed oops, g1 gc, linux-amd64)
Heap:
 garbage-first heap   total 262144K, used 148355K [0x00000000e0000000, 0x0000000100000000)
  region size 1024K, 96 young (98304K), 2 survivors (2048K)
 Metaspace       used 78817K, capacity 82101K, committed 82432K, reserved 325632K
  class space    used 9698K, capacity 10904K, committed 11008K, reserved 253952K
GC Heap History (20 events):
Event: 567,744 GC heap before
{Heap before GC invocations=13 (full 0):
 garbage-first heap   total 262144K, used 191203K [0x00000000e0000000, 0x0000000100000000)
  region size 1024K, 153 young (156672K), 18 survivors (18432K)
 Metaspace       used 72683K, capacity 75090K, committed 75392K, reserved 319488K
  class space    used 9251K, capacity 10110K, committed 10112K, reserved 253952K
}
Event: 567,754 GC heap after
{Heap after GC invocations=14 (full 0):
 garbage-first heap   total 262144K, used 55870K [0x00000000e0000000, 0x0000000100000000)
  region size 1024K, 12 young (12288K), 12 survivors (12288K)
 Metaspace       used 72683K, capacity 75090K, committed 75392K, reserved 319488K
  class space    used 9251K, capacity 10110K, committed 10112K, reserved 253952K
}
Event: 863,254 GC heap before
{Heap before GC invocations=14 (full 0):
 garbage-first heap   total 262144K, used 199230K [0x00000000e0000000, 0x0000000100000000)
  region size 1024K, 153 young (156672K), 12 survivors (12288K)
 Metaspace       used 73841K, capacity 76278K, committed 76544K, reserved 321536K
  class space    used 9290K, capacity 10183K, committed 10240K, reserved 253952K
}
Event: 863,259 GC heap after
{Heap after GC invocations=15 (full 0):
 garbage-first heap   total 262144K, used 51359K [0x00000000e0000000, 0x0000000100000000)
  region size 1024K, 4 young (4096K), 4 survivors (4096K)
 Metaspace       used 73841K, capacity 76278K, committed 76544K, reserved 321536K
  class space    used 9290K, capacity 10183K, committed 10240K, reserved 253952K
}
Event: 4597,834 GC heap before
{Heap before GC invocations=15 (full 0):
 garbage-first heap   total 262144K, used 203935K [0x00000000e0000000, 0x0000000100000000)
  region size 1024K, 153 young (156672K), 4 survivors (4096K)
 Metaspace       used 74290K, capacity 76685K, committed 76800K, reserved 321536K
  class space    used 9291K, capacity 10184K, committed 10240K, reserved 253952K
}
Event: 4597,837 GC heap after
{Heap after GC invocations=16 (full 0):
 garbage-first heap   total 262144K, used 49773K [0x00000000e0000000, 0x0000000100000000)
  region size 1024K, 2 young (2048K), 2 survivors (2048K)
 Metaspace       used 74290K, capacity 76685K, committed 76800K, reserved 321536K
  class space    used 9291K, capacity 10184K, committed 10240K, reserved 253952K
}
Event: 6229,927 GC heap before
{Heap before GC invocations=16 (full 0):
 garbage-first heap   total 262144K, used 203373K [0x00000000e0000000, 0x0000000100000000)
  region size 1024K, 153 young (156672K), 2 survivors (2048K)
 Metaspace       used 75153K, capacity 77679K, committed 77952K, reserved 321536K
  class space    used 9362K, capacity 10327K, committed 10368K, reserved 253952K
}
Event: 6229,951 GC heap after
{Heap after GC invocations=17 (full 0):
 garbage-first heap   total 262144K, used 62188K [0x00000000e0000000, 0x0000000100000000)
  region size 1024K, 14 young (14336K), 14 survivors (14336K)
 Metaspace       used 75153K, capacity 77679K, committed 77952K, reserved 321536K
  class space    used 9362K, capacity 10327K, committed 10368K, reserved 253952K
}
Event: 6243,467 GC heap before
{Heap before GC invocations=17 (full 0):
 garbage-first heap   total 262144K, used 203500K [0x00000000e0000000, 0x0000000100000000)
  region size 1024K, 153 young (156672K), 14 survivors (14336K)
 Metaspace       used 75927K, capacity 78564K, committed 78848K, reserved 323584K
  class space    used 9423K, capacity 10399K, committed 10496K, reserved 253952K
}
Event: 6243,497 GC heap after
{Heap after GC invocations=18 (full 0):
 garbage-first heap   total 262144K, used 65086K [0x00000000e0000000, 0x0000000100000000)
  region size 1024K, 15 young (15360K), 15 survivors (15360K)
 Metaspace       used 75927K, capacity 78564K, committed 78848K, reserved 323584K
  class space    used 9423K, capacity 10399K, committed 10496K, reserved 253952K
}
Event: 6406,589 GC heap before
{Heap before GC invocations=18 (full 0):
 garbage-first heap   total 262144K, used 202302K [0x00000000e0000000, 0x0000000100000000)
  region size 1024K, 150 young (153600K), 15 survivors (15360K)
 Metaspace       used 77801K, capacity 81097K, committed 81280K, reserved 325632K
  class space    used 9681K, capacity 10878K, committed 10880K, reserved 253952K
}
Event: 6406,600 GC heap after
{Heap after GC invocations=19 (full 0):
 garbage-first heap   total 262144K, used 58393K [0x00000000e0000000, 0x0000000100000000)
  region size 1024K, 8 young (8192K), 8 survivors (8192K)
 Metaspace       used 77801K, capacity 81097K, committed 81280K, reserved 325632K
  class space    used 9681K, capacity 10878K, committed 10880K, reserved 253952K
}
Event: 9472,985 GC heap before
{Heap before GC invocations=19 (full 0):
 garbage-first heap   total 262144K, used 204825K [0x00000000e0000000, 0x0000000100000000)
  region size 1024K, 152 young (155648K), 8 survivors (8192K)
 Metaspace       used 78193K, capacity 81464K, committed 81664K, reserved 325632K
  class space    used 9695K, capacity 10901K, committed 11008K, reserved 253952K
}
Event: 9473,036 GC heap after
{Heap after GC invocations=20 (full 0):
 garbage-first heap   total 262144K, used 58617K [0x00000000e0000000, 0x0000000100000000)
  region size 1024K, 8 young (8192K), 8 survivors (8192K)
 Metaspace       used 78193K, capacity 81464K, committed 81664K, reserved 325632K
  class space    used 9695K, capacity 10901K, committed 11008K, reserved 253952K
}
Event: 12730,958 GC heap before
{Heap before GC invocations=20 (full 0):
 garbage-first heap   total 262144K, used 206073K [0x00000000e0000000, 0x0000000100000000)
  region size 1024K, 153 young (156672K), 8 survivors (8192K)
 Metaspace       used 78404K, capacity 81677K, committed 81920K, reserved 325632K
  class space    used 9695K, capacity 10901K, committed 11008K, reserved 253952K
}
Event: 12730,962 GC heap after
{Heap after GC invocations=21 (full 0):
 garbage-first heap   total 262144K, used 53483K [0x00000000e0000000, 0x0000000100000000)
  region size 1024K, 3 young (3072K), 3 survivors (3072K)
 Metaspace       used 78404K, capacity 81677K, committed 81920K, reserved 325632K
  class space    used 9695K, capacity 10901K, committed 11008K, reserved 253952K
}
Event: 17056,689 GC heap before
{Heap before GC invocations=21 (full 0):
 garbage-first heap   total 262144K, used 206059K [0x00000000e0000000, 0x0000000100000000)
  region size 1024K, 153 young (156672K), 3 survivors (3072K)
 Metaspace       used 78546K, capacity 81759K, committed 81920K, reserved 325632K
  class space    used 9695K, capacity 10902K, committed 11008K, reserved 253952K
}
Event: 17056,696 GC heap after
{Heap after GC invocations=22 (full 0):
 garbage-first heap   total 262144K, used 53596K [0x00000000e0000000, 0x0000000100000000)
  region size 1024K, 3 young (3072K), 3 survivors (3072K)
 Metaspace       used 78546K, capacity 81759K, committed 81920K, reserved 325632K
  class space    used 9695K, capacity 10902K, committed 11008K, reserved 253952K
}
Event: 21188,843 GC heap before
{Heap before GC invocations=22 (full 0):
 garbage-first heap   total 262144K, used 206172K [0x00000000e0000000, 0x0000000100000000)
  region size 1024K, 153 young (156672K), 3 survivors (3072K)
 Metaspace       used 78689K, capacity 81969K, committed 82176K, reserved 325632K
  class space    used 9697K, capacity 10904K, committed 11008K, reserved 253952K
}
Event: 21188,851 GC heap after
{Heap after GC invocations=23 (full 0):
 garbage-first heap   total 262144K, used 53123K [0x00000000e0000000, 0x0000000100000000)
  region size 1024K, 2 young (2048K), 2 survivors (2048K)
 Metaspace       used 78689K, capacity 81969K, committed 82176K, reserved 325632K
  class space    used 9697K, capacity 10904K, committed 11008K, reserved 253952K
}

